{
"contracts\\RizzedBears.sol":{"l":{"35":21,"36":21,"42":3,"43":3,"44":3,"45":2,"51":1,"56":1,"57":1,"62":1,"63":1},"path":"C:\\Users\\Adam\\ETH_Projects\\RizzedBears\\contracts\\RizzedBears.sol","s":{"1":21,"2":21,"3":3,"4":3,"5":3,"6":2,"7":1,"8":1,"9":1,"10":1,"11":1},"b":{"1":[0,3],"2":[0,3],"3":[1,2]},"f":{"1":21,"2":3,"3":1,"4":1,"5":1},"fnMap":{"1":{"name":"constructor","line":34,"loc":{"start":{"line":34,"column":4},"end":{"line":37,"column":4}}},"2":{"name":"claim","line":41,"loc":{"start":{"line":41,"column":4},"end":{"line":46,"column":4}}},"3":{"name":"tokenURI","line":50,"loc":{"start":{"line":50,"column":4},"end":{"line":52,"column":4}}},"4":{"name":"updateMintStatus","line":55,"loc":{"start":{"line":55,"column":4},"end":{"line":58,"column":4}}},"5":{"name":"updateLimit","line":61,"loc":{"start":{"line":61,"column":4},"end":{"line":64,"column":4}}}},"statementMap":{"1":{"start":{"line":35,"column":8},"end":{"line":35,"column":22}},"2":{"start":{"line":36,"column":8},"end":{"line":36,"column":86}},"3":{"start":{"line":42,"column":8},"end":{"line":42,"column":48}},"4":{"start":{"line":43,"column":8},"end":{"line":43,"column":72}},"5":{"start":{"line":44,"column":8},"end":{"line":44,"column":58}},"6":{"start":{"line":45,"column":8},"end":{"line":45,"column":34}},"7":{"start":{"line":51,"column":8},"end":{"line":51,"column":77}},"8":{"start":{"line":56,"column":8},"end":{"line":56,"column":27}},"9":{"start":{"line":57,"column":8},"end":{"line":57,"column":35}},"10":{"start":{"line":62,"column":8},"end":{"line":62,"column":27}},"11":{"start":{"line":63,"column":8},"end":{"line":63,"column":35}}},"branchMap":{"1":{"line":42,"type":"if","locations":[{"start":{"line":42,"column":8},"end":{"line":42,"column":8}},{"start":{"line":42,"column":8},"end":{"line":42,"column":8}}]},"2":{"line":43,"type":"if","locations":[{"start":{"line":43,"column":8},"end":{"line":43,"column":8}},{"start":{"line":43,"column":8},"end":{"line":43,"column":8}}]},"3":{"line":44,"type":"if","locations":[{"start":{"line":44,"column":8},"end":{"line":44,"column":8}},{"start":{"line":44,"column":8},"end":{"line":44,"column":8}}]}}}}
